<?xml version="1.0" encoding="UTF-8"?>
<!-- Generated by org.testng.reporters.JUnitReportReporter -->
<testsuite hostname="DESKTOP-0J99GUD" failures="0" tests="6" name="com.qa.opencart.tests.RegisterPageTest" time="36.953" errors="0" timestamp="2025-01-14T16:20:52 IST" skipped="0">
  <testcase classname="com.qa.opencart.tests.RegisterPageTest" name="userRegisterationTestSheet" time="6.266"/>
  <testcase classname="com.qa.opencart.tests.RegisterPageTest" name="userRegisterationTest" time="6.156"/>
  <testcase classname="com.qa.opencart.tests.RegisterPageTest" name="userRegisterationTest" time="6.630"/>
  <testcase classname="com.qa.opencart.tests.RegisterPageTest" name="userRegisterationTest" time="6.220"/>
  <testcase classname="com.qa.opencart.tests.RegisterPageTest" name="userRegisterationTestSheet" time="6.253"/>
  <testcase classname="com.qa.opencart.tests.RegisterPageTest" name="userRegisterationTestSheet" time="5.428"/>
</testsuite> <!-- com.qa.opencart.tests.RegisterPageTest -->
